Flutter crash report.
Please report a bug at https://github.com/flutter/flutter/issues.

## command

flutter build aar C:\Users\john.alvarez\AndroidStudioProjects\AppNativa\flutter-module

## exception

ArgumentError: Invalid argument(s): Invalid type for "path": null

```
#0      FileSystem.getPath (package:file/src/interface/file_system.dart:160:7)
#1      LocalFileSystem.directory (package:file/src/backends/local/local_file_system.dart:23:41)
#2      ErrorHandlingFileSystem.directory (package:flutter_tools/src/base/error_handling_io.dart:130:24)
#3      BuildAarCommand._getProject (package:flutter_tools/src/commands/build_aar.dart:158:52)
#4      BuildAarCommand.usageValues (package:flutter_tools/src/commands/build_aar.dart:76:43)
#5      FlutterCommand.verifyThenRunCommand (package:flutter_tools/src/runner/flutter_command.dart:1371:21)
<asynchronous suspension>
#6      FlutterCommand.run.<anonymous closure> (package:flutter_tools/src/runner/flutter_command.dart:1209:27)
<asynchronous suspension>
#7      AppContext.run.<anonymous closure> (package:flutter_tools/src/base/context.dart:150:19)
<asynchronous suspension>
#8      CommandRunner.runCommand (package:args/command_runner.dart:209:13)
<asynchronous suspension>
#9      FlutterCommandRunner.runCommand.<anonymous closure> (package:flutter_tools/src/runner/flutter_command_runner.dart:281:9)
<asynchronous suspension>
#10     AppContext.run.<anonymous closure> (package:flutter_tools/src/base/context.dart:150:19)
<asynchronous suspension>
#11     FlutterCommandRunner.runCommand (package:flutter_tools/src/runner/flutter_command_runner.dart:229:5)
<asynchronous suspension>
#12     run.<anonymous closure>.<anonymous closure> (package:flutter_tools/runner.dart:62:9)
<asynchronous suspension>
#13     AppContext.run.<anonymous closure> (package:flutter_tools/src/base/context.dart:150:19)
<asynchronous suspension>
#14     main (package:flutter_tools/executable.dart:91:3)
<asynchronous suspension>
```

## flutter doctor

```
[✓] Flutter (Channel stable, 3.3.9, on Microsoft Windows [Versi¢n 10.0.19045.2486], locale es-ES)
    • Flutter version 3.3.9 on channel stable at C:\Users\john.alvarez\StudioProjects\flutter
    • Upstream repository https://github.com/flutter/flutter.git
    • Framework revision b8f7f1f986 (3 months ago), 2022-11-23 06:43:51 +0900
    • Engine revision 8f2221fbef
    • Dart version 2.18.5
    • DevTools version 2.15.0

[✓] Android toolchain - develop for Android devices (Android SDK version 33.0.1)
    • Android SDK at C:\Users\john.alvarez\AppData\Local\Android\sdk
    • Platform android-33, build-tools 33.0.1
    • Java binary at: C:\Program Files\Android\Android Studio\jre\bin\java.exe
    • Java version OpenJDK Runtime Environment (build 11.0.13+0-b1751.21-8125866)
    • All Android licenses accepted.

[✓] Chrome - develop for the web
    • Chrome at C:\Program Files\Google\Chrome\Application\chrome.exe

[✓] Visual Studio - develop for Windows (Visual Studio Community 2019 16.11.22)
    • Visual Studio at C:\Program Files (x86)\Microsoft Visual Studio\2019\Community
    • Visual Studio Community 2019 version 16.11.33130.400
    • Windows 10 SDK version 10.0.22000.0

[✓] Android Studio (version 2021.3)
    • Android Studio at C:\Program Files\Android\Android Studio
    • Flutter plugin can be installed from:
      🔨 https://plugins.jetbrains.com/plugin/9212-flutter
    • Dart plugin can be installed from:
      🔨 https://plugins.jetbrains.com/plugin/6351-dart
    • Java version OpenJDK Runtime Environment (build 11.0.13+0-b1751.21-8125866)

[!] Android Studio
    • Android Studio at C:\Program
    • Flutter plugin can be installed from:
      🔨 https://plugins.jetbrains.com/plugin/9212-flutter
    • Dart plugin can be installed from:
      🔨 https://plugins.jetbrains.com/plugin/6351-dart
    ✗ android-studio-dir = C:\Program
    ✗ Android Studio not found at C:\Program
    • Try updating or re-installing Android Studio.
    • Consider removing your android-studio-dir setting by running:
      flutter config --android-studio-dir=

[✓] IntelliJ IDEA Community Edition (version 2022.3)
    • IntelliJ at C:\Program Files\JetBrains\IntelliJ IDEA Community Edition 2022.3.1
    • Flutter plugin can be installed from:
      🔨 https://plugins.jetbrains.com/plugin/9212-flutter
    • Dart plugin can be installed from:
      🔨 https://plugins.jetbrains.com/plugin/6351-dart

[✓] VS Code (version 1.75.1)
    • VS Code at C:\Users\john.alvarez\AppData\Local\Programs\Microsoft VS Code
    • Flutter extension can be installed from:
      🔨 https://marketplace.visualstudio.com/items?itemName=Dart-Code.flutter

[✓] Connected device (4 available)
    • moto e 7i power (mobile) • ZE222T762C • android-arm    • Android 10 (API 29)
    • Windows (desktop)        • windows    • windows-x64    • Microsoft Windows [Versi¢n 10.0.19045.2486]
    • Chrome (web)             • chrome     • web-javascript • Google Chrome 109.0.5414.121
    • Edge (web)               • edge       • web-javascript • Microsoft Edge 109.0.1518.52

[✓] HTTP Host Availability
    • All required HTTP hosts are available

! Doctor found issues in 1 category.
```
